<?xml version="1.0" encoding="UTF-8"?>
<!-- Generated by org.testng.reporters.JUnitReportReporter -->
<testsuite skipped="0" hostname="Nitesh" name="com.curiositybox.testcases.HomePageTest" tests="3" failures="0" timestamp="10 Apr 2019 05:51:02 GMT" time="69.732" errors="0">
  <testcase name="titleVerifyTest" time="24.912" classname="com.curiositybox.testcases.HomePageTest"/>
  <testcase name="verifyUsername" time="24.907" classname="com.curiositybox.testcases.HomePageTest"/>
  <testcase name="verifyFooterLinksTest" time="19.913" classname="com.curiositybox.testcases.HomePageTest"/>
</testsuite> <!-- com.curiositybox.testcases.HomePageTest -->
