<?xml version="1.0" encoding="UTF-8"?>
<!-- Generated by org.testng.reporters.JUnitReportReporter -->
<testsuite skipped="0" hostname="Nitesh" name="com.curiositybox.testcases.LoginPageTest" tests="4" failures="0" timestamp="10 Apr 2019 05:51:02 GMT" time="75.600" errors="0">
  <testcase name="loginTest" time="19.841" classname="com.curiositybox.testcases.LoginPageTest"/>
  <testcase name="verifyloginpageTest" time="15.131" classname="com.curiositybox.testcases.LoginPageTest"/>
  <testcase name="urlverifyTest" time="14.448" classname="com.curiositybox.testcases.LoginPageTest"/>
  <testcase name="loginFormverifyTest" time="26.180" classname="com.curiositybox.testcases.LoginPageTest"/>
</testsuite> <!-- com.curiositybox.testcases.LoginPageTest -->
