<?xml version="1.0" encoding="UTF-8"?>
<!-- Generated by org.testng.reporters.JUnitReportReporter -->
<testsuite skipped="0" hostname="Nitesh" name="com.curiositybox.testcases.SignUpPageTest" tests="2" failures="0" timestamp="10 Apr 2019 05:51:02 GMT" time="42.095" errors="0">
  <testcase name="registerTest" time="19.433" classname="com.curiositybox.testcases.SignUpPageTest"/>
  <testcase name="registerFormverifyTest" time="22.662" classname="com.curiositybox.testcases.SignUpPageTest"/>
</testsuite> <!-- com.curiositybox.testcases.SignUpPageTest -->
